#
# There is insufficient memory for the Java Runtime Environment to continue.
# Native memory allocation (malloc) failed to allocate 32744 bytes. Error detail: ChunkPool::allocate
# Possible reasons:
#   The system is out of physical RAM or swap space
#   This process is running with CompressedOops enabled, and the Java Heap may be blocking the growth of the native heap
# Possible solutions:
#   Reduce memory load on the system
#   Increase physical memory or swap space
#   Check if swap backing store is full
#   Decrease Java heap size (-Xmx/-Xms)
#   Decrease number of Java threads
#   Decrease Java thread stack sizes (-Xss)
#   Set larger code cache with -XX:ReservedCodeCacheSize=
#   JVM is running with Unscaled Compressed Oops mode in which the Java heap is
#     placed in the first 4GB address space. The Java Heap base address is the
#     maximum limit for the native heap growth. Please use -XX:HeapBaseMinAddress
#     to set the Java Heap base and to place the Java Heap above 4GB virtual address.
# This output file may be truncated or incomplete.
#
#  Out of Memory Error (arena.cpp:79), pid=9120, tid=5676
#
# JRE version: OpenJDK Runtime Environment Temurin-17.0.13+11 (17.0.13+11) (build 17.0.13+11)
# Java VM: OpenJDK 64-Bit Server VM Temurin-17.0.13+11 (17.0.13+11, mixed mode, sharing, tiered, compressed oops, compressed class ptrs, g1 gc, windows-amd64)
# No core dump will be written. Minidumps are not enabled by default on client versions of Windows
#

---------------  S U M M A R Y ------------

Command Line: -Xmx64m -Xms64m -Dorg.gradle.appname=gradlew org.gradle.wrapper.GradleWrapperMain app:assembleDebug -x lint -x test --configure-on-demand --build-cache -PreactNativeDevServerPort=8081 -PreactNativeArchitectures=x86_64,arm64-v8a

Host: AMD Ryzen 5 5500U with Radeon Graphics         , 12 cores, 7G,  Windows 11 , 64 bit Build 26100 (10.0.26100.3323)
Time: Sun Mar 23 00:06:02 2025 Hora est. Pacífico, Sudamérica elapsed time: 179.453134 seconds (0d 0h 2m 59s)

---------------  T H R E A D  ---------------

Current thread (0x000002378114ca40):  JavaThread "C2 CompilerThread0" daemon [_thread_in_native, id=5676, stack(0x000000affd000000,0x000000affd100000)]


Current CompileTask:
C2: 179453 1993       4       org.gradle.internal.logging.console.MultiLineBuildProgressArea::redraw (203 bytes)

Stack: [0x000000affd000000,0x000000affd100000]
Native frames: (J=compiled Java code, j=interpreted, Vv=VM code, C=native code)
V  [jvm.dll+0x682a19]
V  [jvm.dll+0x839538]
V  [jvm.dll+0x83afe3]
V  [jvm.dll+0x83b653]
V  [jvm.dll+0x24704f]
V  [jvm.dll+0xad03c]
V  [jvm.dll+0xad4cc]
V  [jvm.dll+0xacf44]
V  [jvm.dll+0x661584]
V  [jvm.dll+0x1b8292]
V  [jvm.dll+0x2b5886]
V  [jvm.dll+0x2b8282]
V  [jvm.dll+0x2b62a0]
V  [jvm.dll+0x2b8370]
V  [jvm.dll+0x2b62a0]
V  [jvm.dll+0x2b8370]
V  [jvm.dll+0x2b62a0]
V  [jvm.dll+0x2b8370]
V  [jvm.dll+0x2b62a0]
V  [jvm.dll+0x2b9e8c]
V  [jvm.dll+0x2b54f6]
V  [jvm.dll+0x2b5a1c]
V  [jvm.dll+0x2199e7]
V  [jvm.dll+0x21738b]
V  [jvm.dll+0x1a3070]
V  [jvm.dll+0x22788c]
V  [jvm.dll+0x2259eb]
V  [jvm.dll+0x7eec98]
V  [jvm.dll+0x7e8ffc]
V  [jvm.dll+0x6818f7]
C  [ucrtbase.dll+0x37b0]
C  [KERNEL32.DLL+0x2e8d7]
C  [ntdll.dll+0xbbf6c]


---------------  P R O C E S S  ---------------

Threads class SMR info:
_java_thread_list=0x00000237867bf5c0, length=13, elements={
0x00000237259f2ec0, 0x000002378112ffe0, 0x0000023781130ab0, 0x00000237811463b0,
0x0000023781148d90, 0x0000023781149660, 0x0000023781149f30, 0x000002378114ca40,
0x000002378114de20, 0x0000023781156740, 0x00000237813cc230, 0x00000237813d0600,
0x000002378173ccb0
}

Java Threads: ( => current thread )
  0x00000237259f2ec0 JavaThread "main" [_thread_in_native, id=9052, stack(0x000000affc300000,0x000000affc400000)]
  0x000002378112ffe0 JavaThread "Reference Handler" daemon [_thread_blocked, id=15212, stack(0x000000affca00000,0x000000affcb00000)]
  0x0000023781130ab0 JavaThread "Finalizer" daemon [_thread_blocked, id=19336, stack(0x000000affcb00000,0x000000affcc00000)]
  0x00000237811463b0 JavaThread "Signal Dispatcher" daemon [_thread_blocked, id=16040, stack(0x000000affcc00000,0x000000affcd00000)]
  0x0000023781148d90 JavaThread "Attach Listener" daemon [_thread_blocked, id=19648, stack(0x000000affcd00000,0x000000affce00000)]
  0x0000023781149660 JavaThread "Service Thread" daemon [_thread_blocked, id=1964, stack(0x000000affce00000,0x000000affcf00000)]
  0x0000023781149f30 JavaThread "Monitor Deflation Thread" daemon [_thread_blocked, id=2196, stack(0x000000affcf00000,0x000000affd000000)]
=>0x000002378114ca40 JavaThread "C2 CompilerThread0" daemon [_thread_in_native, id=5676, stack(0x000000affd000000,0x000000affd100000)]
  0x000002378114de20 JavaThread "C1 CompilerThread0" daemon [_thread_blocked, id=20096, stack(0x000000affd100000,0x000000affd200000)]
  0x0000023781156740 JavaThread "Sweeper thread" daemon [_thread_blocked, id=18152, stack(0x000000affd200000,0x000000affd300000)]
  0x00000237813cc230 JavaThread "Notification Thread" daemon [_thread_blocked, id=13512, stack(0x000000affd300000,0x000000affd400000)]
  0x00000237813d0600 JavaThread "Common-Cleaner" daemon [_thread_blocked, id=13656, stack(0x000000affd500000,0x000000affd600000)]
  0x000002378173ccb0 JavaThread "pool-1-thread-1" [_thread_blocked, id=10552, stack(0x000000affdb00000,0x000000affdc00000)]

Other Threads:
  0x0000023781129c90 VMThread "VM Thread" [stack: 0x000000affc900000,0x000000affca00000] [id=19008]
  0x00000237813ce720 WatcherThread [stack: 0x000000affd400000,0x000000affd500000] [id=17744]
  0x0000023725a15040 GCTaskThread "GC Thread#0" [stack: 0x000000affc400000,0x000000affc500000] [id=17824]
  0x0000023781ad24e0 GCTaskThread "GC Thread#1" [stack: 0x000000affd800000,0x000000affd900000] [id=15768]
  0x0000023781c29d10 GCTaskThread "GC Thread#2" [stack: 0x000000affd900000,0x000000affda00000] [id=13196]
  0x0000023781887970 GCTaskThread "GC Thread#3" [stack: 0x000000affda00000,0x000000affdb00000] [id=19016]
  0x0000023781cb7a70 GCTaskThread "GC Thread#4" [stack: 0x000000affdc00000,0x000000affdd00000] [id=8300]
  0x0000023781cb7d30 GCTaskThread "GC Thread#5" [stack: 0x000000affdd00000,0x000000affde00000] [id=13436]
  0x00000237865af210 GCTaskThread "GC Thread#6" [stack: 0x000000affde00000,0x000000affdf00000] [id=20268]
  0x0000023725a166a0 ConcurrentGCThread "G1 Main Marker" [stack: 0x000000affc500000,0x000000affc600000] [id=20168]
  0x0000023725a18440 ConcurrentGCThread "G1 Conc#0" [stack: 0x000000affc600000,0x000000affc700000] [id=17936]
  0x0000023725a853b0 ConcurrentGCThread "G1 Refine#0" [stack: 0x000000affc700000,0x000000affc800000] [id=1816]
  0x0000023725a86ba0 ConcurrentGCThread "G1 Service" [stack: 0x000000affc800000,0x000000affc900000] [id=20296]

Threads with active compile tasks:
C2 CompilerThread0   179502 1993       4       org.gradle.internal.logging.console.MultiLineBuildProgressArea::redraw (203 bytes)

VM state: not at safepoint (normal execution)

VM Mutex/Monitor currently owned by a thread: None

Heap address: 0x00000000fc000000, size: 64 MB, Compressed Oops mode: 32-bit

CDS archive(s) mapped at: [0x0000023740000000-0x0000023740bb0000-0x0000023740bb0000), size 12255232, SharedBaseAddress: 0x0000023740000000, ArchiveRelocationMode: 1.
Compressed class space mapped at: 0x0000023741000000-0x0000023781000000, reserved size: 1073741824
Narrow klass base: 0x0000023740000000, Narrow klass shift: 0, Narrow klass range: 0x100000000

GC Precious Log:
 CPUs: 12 total, 12 available
 Memory: 7563M
 Large Page Support: Disabled
 NUMA Support: Disabled
 Compressed Oops: Enabled (32-bit)
 Heap Region Size: 1M
 Heap Min Capacity: 64M
 Heap Initial Capacity: 64M
 Heap Max Capacity: 64M
 Pre-touch: Disabled
 Parallel Workers: 10
 Concurrent Workers: 3
 Concurrent Refinement Workers: 10
 Periodic GC: Disabled

Heap:
 garbage-first heap   total 65536K, used 23534K [0x00000000fc000000, 0x0000000100000000)
  region size 1024K, 16 young (16384K), 4 survivors (4096K)
 Metaspace       used 10094K, committed 10304K, reserved 1114112K
  class space    used 1315K, committed 1408K, reserved 1048576K

Heap Regions: E=young(eden), S=young(survivor), O=old, HS=humongous(starts), HC=humongous(continues), CS=collection set, F=free, OA=open archive, CA=closed archive, TAMS=top-at-mark-start (previous, next)
|   0|0x00000000fc000000, 0x00000000fc100000, 0x00000000fc100000|100%| O|  |TAMS 0x00000000fc000000, 0x00000000fc000000| Untracked 
|   1|0x00000000fc100000, 0x00000000fc200000, 0x00000000fc200000|100%| O|  |TAMS 0x00000000fc100000, 0x00000000fc100000| Untracked 
|   2|0x00000000fc200000, 0x00000000fc300000, 0x00000000fc300000|100%|HS|  |TAMS 0x00000000fc200000, 0x00000000fc200000| Complete 
|   3|0x00000000fc300000, 0x00000000fc400000, 0x00000000fc400000|100%|HC|  |TAMS 0x00000000fc300000, 0x00000000fc300000| Complete 
|   4|0x00000000fc400000, 0x00000000fc500000, 0x00000000fc500000|100%|HC|  |TAMS 0x00000000fc400000, 0x00000000fc400000| Complete 
|   5|0x00000000fc500000, 0x00000000fc600000, 0x00000000fc600000|100%|HC|  |TAMS 0x00000000fc500000, 0x00000000fc500000| Complete 
|   6|0x00000000fc600000, 0x00000000fc700000, 0x00000000fc700000|100%| O|  |TAMS 0x00000000fc600000, 0x00000000fc600000| Untracked 
|   7|0x00000000fc700000, 0x00000000fc800000, 0x00000000fc800000|100%| O|  |TAMS 0x00000000fc700000, 0x00000000fc700000| Untracked 
|   8|0x00000000fc800000, 0x00000000fc842800, 0x00000000fc900000| 25%| O|  |TAMS 0x00000000fc800000, 0x00000000fc800000| Untracked 
|   9|0x00000000fc900000, 0x00000000fc900000, 0x00000000fca00000|  0%| F|  |TAMS 0x00000000fc900000, 0x00000000fc900000| Untracked 
|  10|0x00000000fca00000, 0x00000000fca00000, 0x00000000fcb00000|  0%| F|  |TAMS 0x00000000fca00000, 0x00000000fca00000| Untracked 
|  11|0x00000000fcb00000, 0x00000000fcb00000, 0x00000000fcc00000|  0%| F|  |TAMS 0x00000000fcb00000, 0x00000000fcb00000| Untracked 
|  12|0x00000000fcc00000, 0x00000000fcc00000, 0x00000000fcd00000|  0%| F|  |TAMS 0x00000000fcc00000, 0x00000000fcc00000| Untracked 
|  13|0x00000000fcd00000, 0x00000000fcd00000, 0x00000000fce00000|  0%| F|  |TAMS 0x00000000fcd00000, 0x00000000fcd00000| Untracked 
|  14|0x00000000fce00000, 0x00000000fce00000, 0x00000000fcf00000|  0%| F|  |TAMS 0x00000000fce00000, 0x00000000fce00000| Untracked 
|  15|0x00000000fcf00000, 0x00000000fcf00000, 0x00000000fd000000|  0%| F|  |TAMS 0x00000000fcf00000, 0x00000000fcf00000| Untracked 
|  16|0x00000000fd000000, 0x00000000fd000000, 0x00000000fd100000|  0%| F|  |TAMS 0x00000000fd000000, 0x00000000fd000000| Untracked 
|  17|0x00000000fd100000, 0x00000000fd100000, 0x00000000fd200000|  0%| F|  |TAMS 0x00000000fd100000, 0x00000000fd100000| Untracked 
|  18|0x00000000fd200000, 0x00000000fd200000, 0x00000000fd300000|  0%| F|  |TAMS 0x00000000fd200000, 0x00000000fd200000| Untracked 
|  19|0x00000000fd300000, 0x00000000fd300000, 0x00000000fd400000|  0%| F|  |TAMS 0x00000000fd300000, 0x00000000fd300000| Untracked 
|  20|0x00000000fd400000, 0x00000000fd400000, 0x00000000fd500000|  0%| F|  |TAMS 0x00000000fd400000, 0x00000000fd400000| Untracked 
|  21|0x00000000fd500000, 0x00000000fd500000, 0x00000000fd600000|  0%| F|  |TAMS 0x00000000fd500000, 0x00000000fd500000| Untracked 
|  22|0x00000000fd600000, 0x00000000fd600000, 0x00000000fd700000|  0%| F|  |TAMS 0x00000000fd600000, 0x00000000fd600000| Untracked 
|  23|0x00000000fd700000, 0x00000000fd700000, 0x00000000fd800000|  0%| F|  |TAMS 0x00000000fd700000, 0x00000000fd700000| Untracked 
|  24|0x00000000fd800000, 0x00000000fd800000, 0x00000000fd900000|  0%| F|  |TAMS 0x00000000fd800000, 0x00000000fd800000| Untracked 
|  25|0x00000000fd900000, 0x00000000fd900000, 0x00000000fda00000|  0%| F|  |TAMS 0x00000000fd900000, 0x00000000fd900000| Untracked 
|  26|0x00000000fda00000, 0x00000000fda00000, 0x00000000fdb00000|  0%| F|  |TAMS 0x00000000fda00000, 0x00000000fda00000| Untracked 
|  27|0x00000000fdb00000, 0x00000000fdb00000, 0x00000000fdc00000|  0%| F|  |TAMS 0x00000000fdb00000, 0x00000000fdb00000| Untracked 
|  28|0x00000000fdc00000, 0x00000000fdc00000, 0x00000000fdd00000|  0%| F|  |TAMS 0x00000000fdc00000, 0x00000000fdc00000| Untracked 
|  29|0x00000000fdd00000, 0x00000000fdd00000, 0x00000000fde00000|  0%| F|  |TAMS 0x00000000fdd00000, 0x00000000fdd00000| Untracked 
|  30|0x00000000fde00000, 0x00000000fdeb9140, 0x00000000fdf00000| 72%| S|CS|TAMS 0x00000000fde00000, 0x00000000fde00000| Complete 
|  31|0x00000000fdf00000, 0x00000000fe000000, 0x00000000fe000000|100%| S|CS|TAMS 0x00000000fdf00000, 0x00000000fdf00000| Complete 
|  32|0x00000000fe000000, 0x00000000fe100000, 0x00000000fe100000|100%| S|CS|TAMS 0x00000000fe000000, 0x00000000fe000000| Complete 
|  33|0x00000000fe100000, 0x00000000fe200000, 0x00000000fe200000|100%| S|CS|TAMS 0x00000000fe100000, 0x00000000fe100000| Complete 
|  34|0x00000000fe200000, 0x00000000fe200000, 0x00000000fe300000|  0%| F|  |TAMS 0x00000000fe200000, 0x00000000fe200000| Untracked 
|  35|0x00000000fe300000, 0x00000000fe300000, 0x00000000fe400000|  0%| F|  |TAMS 0x00000000fe300000, 0x00000000fe300000| Untracked 
|  36|0x00000000fe400000, 0x00000000fe400000, 0x00000000fe500000|  0%| F|  |TAMS 0x00000000fe400000, 0x00000000fe400000| Untracked 
|  37|0x00000000fe500000, 0x00000000fe500000, 0x00000000fe600000|  0%| F|  |TAMS 0x00000000fe500000, 0x00000000fe500000| Untracked 
|  38|0x00000000fe600000, 0x00000000fe600000, 0x00000000fe700000|  0%| F|  |TAMS 0x00000000fe600000, 0x00000000fe600000| Untracked 
|  39|0x00000000fe700000, 0x00000000fe700000, 0x00000000fe800000|  0%| F|  |TAMS 0x00000000fe700000, 0x00000000fe700000| Untracked 
|  40|0x00000000fe800000, 0x00000000fe800000, 0x00000000fe900000|  0%| F|  |TAMS 0x00000000fe800000, 0x00000000fe800000| Untracked 
|  41|0x00000000fe900000, 0x00000000fe900000, 0x00000000fea00000|  0%| F|  |TAMS 0x00000000fe900000, 0x00000000fe900000| Untracked 
|  42|0x00000000fea00000, 0x00000000fea00000, 0x00000000feb00000|  0%| F|  |TAMS 0x00000000fea00000, 0x00000000fea00000| Untracked 
|  43|0x00000000feb00000, 0x00000000feb00000, 0x00000000fec00000|  0%| F|  |TAMS 0x00000000feb00000, 0x00000000feb00000| Untracked 
|  44|0x00000000fec00000, 0x00000000fec00000, 0x00000000fed00000|  0%| F|  |TAMS 0x00000000fec00000, 0x00000000fec00000| Untracked 
|  45|0x00000000fed00000, 0x00000000fed00000, 0x00000000fee00000|  0%| F|  |TAMS 0x00000000fed00000, 0x00000000fed00000| Untracked 
|  46|0x00000000fee00000, 0x00000000fee00000, 0x00000000fef00000|  0%| F|  |TAMS 0x00000000fee00000, 0x00000000fee00000| Untracked 
|  47|0x00000000fef00000, 0x00000000fef00000, 0x00000000ff000000|  0%| F|  |TAMS 0x00000000fef00000, 0x00000000fef00000| Untracked 
|  48|0x00000000ff000000, 0x00000000ff000000, 0x00000000ff100000|  0%| F|  |TAMS 0x00000000ff000000, 0x00000000ff000000| Untracked 
|  49|0x00000000ff100000, 0x00000000ff100000, 0x00000000ff200000|  0%| F|  |TAMS 0x00000000ff100000, 0x00000000ff100000| Untracked 
|  50|0x00000000ff200000, 0x00000000ff200000, 0x00000000ff300000|  0%| F|  |TAMS 0x00000000ff200000, 0x00000000ff200000| Untracked 
|  51|0x00000000ff300000, 0x00000000ff300000, 0x00000000ff400000|  0%| F|  |TAMS 0x00000000ff300000, 0x00000000ff300000| Untracked 
|  52|0x00000000ff400000, 0x00000000ff4415d8, 0x00000000ff500000| 25%| E|  |TAMS 0x00000000ff400000, 0x00000000ff400000| Complete 
|  53|0x00000000ff500000, 0x00000000ff600000, 0x00000000ff600000|100%| E|CS|TAMS 0x00000000ff500000, 0x00000000ff500000| Complete 
|  54|0x00000000ff600000, 0x00000000ff700000, 0x00000000ff700000|100%| E|CS|TAMS 0x00000000ff600000, 0x00000000ff600000| Complete 
|  55|0x00000000ff700000, 0x00000000ff800000, 0x00000000ff800000|100%| E|CS|TAMS 0x00000000ff700000, 0x00000000ff700000| Complete 
|  56|0x00000000ff800000, 0x00000000ff900000, 0x00000000ff900000|100%| E|CS|TAMS 0x00000000ff800000, 0x00000000ff800000| Complete 
|  57|0x00000000ff900000, 0x00000000ffa00000, 0x00000000ffa00000|100%| E|CS|TAMS 0x00000000ff900000, 0x00000000ff900000| Complete 
|  58|0x00000000ffa00000, 0x00000000ffb00000, 0x00000000ffb00000|100%| E|CS|TAMS 0x00000000ffa00000, 0x00000000ffa00000| Complete 
|  59|0x00000000ffb00000, 0x00000000ffc00000, 0x00000000ffc00000|100%| E|CS|TAMS 0x00000000ffb00000, 0x00000000ffb00000| Complete 
|  60|0x00000000ffc00000, 0x00000000ffd00000, 0x00000000ffd00000|100%| E|CS|TAMS 0x00000000ffc00000, 0x00000000ffc00000| Complete 
|  61|0x00000000ffd00000, 0x00000000ffe00000, 0x00000000ffe00000|100%| E|CS|TAMS 0x00000000ffd00000, 0x00000000ffd00000| Complete 
|  62|0x00000000ffe00000, 0x00000000fff00000, 0x00000000fff00000|100%| E|CS|TAMS 0x00000000ffe00000, 0x00000000ffe00000| Complete 
|  63|0x00000000fff00000, 0x0000000100000000, 0x0000000100000000|100%| E|CS|TAMS 0x00000000fff00000, 0x00000000fff00000| Complete 

Card table byte_map: [0x00000237241a0000,0x00000237241c0000] _byte_map_base: 0x00000237239c0000

Marking Bits (Prev, Next): (CMBitMap*) 0x0000023725a15570, (CMBitMap*) 0x0000023725a155b0
 Prev Bits: [0x000002373d290000, 0x000002373d390000)
 Next Bits: [0x000002373d390000, 0x000002373d490000)

Polling page: 0x0000023724150000

Metaspace:

Usage:
  Non-class:      8.57 MB used.
      Class:      1.28 MB used.
       Both:      9.86 MB used.

Virtual space:
  Non-class space:       64.00 MB reserved,       8.69 MB ( 14%) committed,  1 nodes.
      Class space:        1.00 GB reserved,       1.38 MB ( <1%) committed,  1 nodes.
             Both:        1.06 GB reserved,      10.06 MB ( <1%) committed. 

Chunk freelists:
   Non-Class:  7.23 MB
       Class:  14.51 MB
        Both:  21.75 MB

MaxMetaspaceSize: unlimited
CompressedClassSpaceSize: 1.00 GB
Initial GC threshold: 21.00 MB
Current GC threshold: 21.00 MB
CDS: on
MetaspaceReclaimPolicy: balanced
 - commit_granule_bytes: 65536.
 - commit_granule_words: 8192.
 - virtual_space_node_default_size: 8388608.
 - enlarge_chunks_in_place: 1.
 - new_chunks_are_fully_committed: 0.
 - uncommit_free_chunks: 1.
 - use_allocation_guard: 0.
 - handle_deallocations: 1.


Internal statistics:

num_allocs_failed_limit: 0.
num_arena_births: 74.
num_arena_deaths: 0.
num_vsnodes_births: 2.
num_vsnodes_deaths: 0.
num_space_committed: 161.
num_space_uncommitted: 0.
num_chunks_returned_to_freelist: 0.
num_chunks_taken_from_freelist: 358.
num_chunk_merges: 0.
num_chunk_splits: 238.
num_chunks_enlarged: 197.
num_inconsistent_stats: 0.

CodeHeap 'non-profiled nmethods': size=120000Kb used=998Kb max_used=998Kb free=119001Kb
 bounds [0x00000237350c0000, 0x0000023735330000, 0x000002373c5f0000]
CodeHeap 'profiled nmethods': size=120000Kb used=3651Kb max_used=3651Kb free=116348Kb
 bounds [0x000002372d5f0000, 0x000002372d990000, 0x0000023734b20000]
CodeHeap 'non-nmethods': size=5760Kb used=1173Kb max_used=1209Kb free=4586Kb
 bounds [0x0000023734b20000, 0x0000023734d90000, 0x00000237350c0000]
 total_blobs=2462 nmethods=1992 adapters=382
 compilation: enabled
              stopped_count=0, restarted_count=0
 full_count=0

Compilation events (20 events):
Event: 140.264 Thread 0x000002378114ca40 nmethod 1983 0x00000237351a9c10 code [0x00000237351aa160, 0x00000237351af8f0]
Event: 140.371 Thread 0x000002378114ca40 1984       4       org.fusesource.jansi.Ansi::flushAttributes (94 bytes)
Event: 140.469 Thread 0x000002378114ca40 nmethod 1984 0x00000237351b4290 code [0x00000237351b4500, 0x00000237351b74a8]
Event: 142.274 Thread 0x000002378114ca40 1985       4       java.util.concurrent.ThreadPoolExecutor::beforeExecute (1 bytes)
Event: 142.275 Thread 0x000002378114ca40 nmethod 1985 0x00000237351b8a90 code [0x00000237351b8c00, 0x00000237351b8c78]
Event: 143.980 Thread 0x000002378114ca40 1986       4       com.google.common.base.Preconditions::checkNotNull (14 bytes)
Event: 143.981 Thread 0x000002378114ca40 nmethod 1986 0x00000237351b8d90 code [0x00000237351b8f00, 0x00000237351b8f78]
Event: 146.637 Thread 0x000002378114ca40 1987       4       java.util.concurrent.locks.ReentrantLock$NonfairSync::initialTryLock (58 bytes)
Event: 146.653 Thread 0x000002378114ca40 nmethod 1987 0x00000237351b9090 code [0x00000237351b9200, 0x00000237351b9378]
Event: 152.176 Thread 0x000002378114de20 1988       3       com.google.common.base.Predicates$InstanceOfPredicate::<init> (6 bytes)
Event: 152.177 Thread 0x000002378114de20 nmethod 1988 0x000002372d97f710 code [0x000002372d97f8e0, 0x000002372d97fc68]
Event: 152.177 Thread 0x000002378114de20 1989       3       com.google.common.base.Predicates$InstanceOfPredicate::<init> (16 bytes)
Event: 152.178 Thread 0x000002378114de20 nmethod 1989 0x000002372d97fe10 code [0x000002372d97ffc0, 0x000002372d9802e8]
Event: 153.800 Thread 0x000002378114ca40 1990       4       java.lang.Integer::valueOf (32 bytes)
Event: 153.833 Thread 0x000002378114ca40 nmethod 1990 0x00000237351b9410 code [0x00000237351b95a0, 0x00000237351b9678]
Event: 156.387 Thread 0x000002378114ca40 1991       4       java.util.concurrent.locks.AbstractQueuedSynchronizer$Node::setStatusRelaxed (12 bytes)
Event: 156.388 Thread 0x000002378114ca40 nmethod 1991 0x00000237351b9710 code [0x00000237351b9880, 0x00000237351b98f8]
Event: 174.784 Thread 0x000002378114de20 1992       3       java.util.ArrayList::rangeCheckForAdd (26 bytes)
Event: 174.786 Thread 0x000002378114de20 nmethod 1992 0x000002372d980410 code [0x000002372d980640, 0x000002372d980cc8]
Event: 175.382 Thread 0x000002378114ca40 1993       4       org.gradle.internal.logging.console.MultiLineBuildProgressArea::redraw (203 bytes)

GC Heap History (4 events):
Event: 1.048 GC heap before
{Heap before GC invocations=0 (full 0):
 garbage-first heap   total 65536K, used 22528K [0x00000000fc000000, 0x0000000100000000)
  region size 1024K, 23 young (23552K), 0 survivors (0K)
 Metaspace       used 1828K, committed 1920K, reserved 1114112K
  class space    used 161K, committed 192K, reserved 1048576K
}
Event: 1.055 GC heap after
{Heap after GC invocations=1 (full 0):
 garbage-first heap   total 65536K, used 4296K [0x00000000fc000000, 0x0000000100000000)
  region size 1024K, 3 young (3072K), 3 survivors (3072K)
 Metaspace       used 1828K, committed 1920K, reserved 1114112K
  class space    used 161K, committed 192K, reserved 1048576K
}
Event: 1.957 GC heap before
{Heap before GC invocations=1 (full 0):
 garbage-first heap   total 65536K, used 35016K [0x00000000fc000000, 0x0000000100000000)
  region size 1024K, 30 young (30720K), 3 survivors (3072K)
 Metaspace       used 7803K, committed 7936K, reserved 1114112K
  class space    used 1066K, committed 1152K, reserved 1048576K
}
Event: 1.963 GC heap after
{Heap after GC invocations=2 (full 0):
 garbage-first heap   total 65536K, used 12270K [0x00000000fc000000, 0x0000000100000000)
  region size 1024K, 4 young (4096K), 4 survivors (4096K)
 Metaspace       used 7803K, committed 7936K, reserved 1114112K
  class space    used 1066K, committed 1152K, reserved 1048576K
}

Dll operation events (13 events):
Event: 0.029 Loaded shared library C:\java\jdk17\bin\java.dll
Event: 0.080 Loaded shared library C:\java\jdk17\bin\jsvml.dll
Event: 0.127 Loaded shared library C:\java\jdk17\bin\net.dll
Event: 0.131 Loaded shared library C:\java\jdk17\bin\nio.dll
Event: 0.137 Loaded shared library C:\java\jdk17\bin\zip.dll
Event: 0.144 Loaded shared library C:\java\jdk17\bin\verify.dll
Event: 0.917 Loaded shared library C:\java\jdk17\bin\jimage.dll
Event: 1.421 Loaded shared library C:\Users\marco\.gradle\native\c067742578af261105cb4f569cf0c3c89f3d7b1fecec35dd04571415982c5e48\windows-amd64\native-platform.dll
Event: 1.445 Loaded shared library C:\Users\marco\.gradle\native\jansi\1.18\windows64\jansi.dll
Event: 1.622 Loaded shared library C:\java\jdk17\bin\management.dll
Event: 1.628 Loaded shared library C:\java\jdk17\bin\management_ext.dll
Event: 2.101 Loaded shared library C:\java\jdk17\bin\extnet.dll
Event: 2.179 Loaded shared library C:\java\jdk17\bin\sunmscapi.dll

Deoptimization events (20 events):
Event: 1.993 Thread 0x00000237259f2ec0 DEOPT PACKING pc=0x000002372d798235 sp=0x000000affc3fbc60
Event: 1.993 Thread 0x00000237259f2ec0 DEOPT UNPACKING pc=0x0000023734b77143 sp=0x000000affc3fb148 mode 0
Event: 2.107 Thread 0x00000237259f2ec0 Uncommon trap: trap_request=0xffffff45 fr.pc=0x000002373515b184 relative=0x0000000000000084
Event: 2.108 Thread 0x00000237259f2ec0 Uncommon trap: reason=unstable_if action=reinterpret pc=0x000002373515b184 method=java.lang.invoke.VarForm.getMemberName(I)Ljava/lang/invoke/MemberName; @ 8 c2
Event: 2.108 Thread 0x00000237259f2ec0 DEOPT PACKING pc=0x000002373515b184 sp=0x000000affc3fc560
Event: 2.108 Thread 0x00000237259f2ec0 DEOPT UNPACKING pc=0x0000023734b769a3 sp=0x000000affc3fc4f8 mode 2
Event: 2.133 Thread 0x00000237259f2ec0 Uncommon trap: trap_request=0xffffff45 fr.pc=0x0000023735106e58 relative=0x0000000000000618
Event: 2.133 Thread 0x00000237259f2ec0 Uncommon trap: reason=unstable_if action=reinterpret pc=0x0000023735106e58 method=java.lang.AbstractStringBuilder.append(Ljava/lang/String;)Ljava/lang/AbstractStringBuilder; @ 1 c2
Event: 2.133 Thread 0x00000237259f2ec0 DEOPT PACKING pc=0x0000023735106e58 sp=0x000000affc3fd330
Event: 2.133 Thread 0x00000237259f2ec0 DEOPT UNPACKING pc=0x0000023734b769a3 sp=0x000000affc3fd2b0 mode 2
Event: 2.185 Thread 0x000002378173ccb0 Uncommon trap: trap_request=0xffffff45 fr.pc=0x0000023735143860 relative=0x00000000000012a0
Event: 2.185 Thread 0x000002378173ccb0 Uncommon trap: reason=unstable_if action=reinterpret pc=0x0000023735143860 method=java.util.concurrent.ConcurrentHashMap.addCount(JI)V @ 171 c2
Event: 2.185 Thread 0x000002378173ccb0 DEOPT PACKING pc=0x0000023735143860 sp=0x000000affdbfdfc0
Event: 2.185 Thread 0x000002378173ccb0 DEOPT UNPACKING pc=0x0000023734b769a3 sp=0x000000affdbfde80 mode 2
Event: 2.185 Thread 0x000002378173ccb0 Uncommon trap: trap_request=0xffffff45 fr.pc=0x0000023735161d78 relative=0x0000000000001198
Event: 2.185 Thread 0x000002378173ccb0 Uncommon trap: reason=unstable_if action=reinterpret pc=0x0000023735161d78 method=java.util.concurrent.ConcurrentHashMap.transfer([Ljava/util/concurrent/ConcurrentHashMap$Node;[Ljava/util/concurrent/ConcurrentHashMap$Node;)V @ 273 c2
Event: 2.185 Thread 0x000002378173ccb0 DEOPT PACKING pc=0x0000023735161d78 sp=0x000000affdbfddc0
Event: 2.185 Thread 0x000002378173ccb0 DEOPT UNPACKING pc=0x0000023734b769a3 sp=0x000000affdbfdd48 mode 2
Event: 94.693 Thread 0x000002378173ccb0 DEOPT PACKING pc=0x000002372d8d82f7 sp=0x000000affdbfe660
Event: 94.694 Thread 0x000002378173ccb0 DEOPT UNPACKING pc=0x0000023734b77143 sp=0x000000affdbfdad0 mode 0

Classes loaded (20 events):
Event: 2.714 Loading class jdk/internal/logger/LoggerFinderLoader
Event: 2.714 Loading class jdk/internal/logger/LoggerFinderLoader done
Event: 2.715 Loading class jdk/internal/logger/LoggerFinderLoader$TemporaryLoggerFinder
Event: 2.715 Loading class jdk/internal/logger/LoggerFinderLoader$TemporaryLoggerFinder done
Event: 2.715 Loading class sun/util/logging/internal/LoggingProviderImpl$JULWrapper
Event: 2.716 Loading class sun/util/logging/PlatformLogger$ConfigurableBridge$LoggerConfiguration
Event: 2.716 Loading class sun/util/logging/PlatformLogger$ConfigurableBridge$LoggerConfiguration done
Event: 2.716 Loading class sun/util/logging/internal/LoggingProviderImpl$JULWrapper done
Event: 2.716 Loading class java/io/ObjectInputFilter
Event: 2.716 Loading class java/io/ObjectInputFilter done
Event: 2.717 Loading class java/io/ObjectInputFilter$Config$BuiltinFilterFactory
Event: 2.717 Loading class java/io/ObjectInputFilter$Config$BuiltinFilterFactory done
Event: 2.717 Loading class jdk/internal/access/JavaObjectInputFilterAccess
Event: 2.717 Loading class jdk/internal/access/JavaObjectInputFilterAccess done
Event: 2.717 Loading class java/lang/System$Logger$Level
Event: 2.717 Loading class java/lang/System$Logger$Level done
Event: 2.717 Loading class java/io/Bits
Event: 2.718 Loading class java/io/Bits done
Event: 20.483 Loading class java/util/ArrayList$ListItr
Event: 20.483 Loading class java/util/ArrayList$ListItr done

Classes unloaded (0 events):
No events

Classes redefined (0 events):
No events

Internal exceptions (20 events):
Event: 0.308 Thread 0x00000237259f2ec0 Exception <a 'java/lang/NoSuchMethodError'{0x00000000ffdf3bd0}: 'int java.lang.invoke.DirectMethodHandle$Holder.invokeStaticInit(java.lang.Object, java.lang.Object)'> (0x00000000ffdf3bd0) 
thrown [s\src\hotspot\share\interpreter\linkResolver.cpp, line 759]
Event: 1.333 Thread 0x00000237259f2ec0 Exception <a 'java/lang/NoSuchMethodError'{0x00000000ff69f4f8}: 'void java.lang.invoke.DirectMethodHandle$Holder.invokeStatic(java.lang.Object, java.lang.Object)'> (0x00000000ff69f4f8) 
thrown [s\src\hotspot\share\interpreter\linkResolver.cpp, line 759]
Event: 1.367 Thread 0x00000237259f2ec0 Exception <a 'java/lang/NoClassDefFoundError'{0x00000000ff557a80}: org/slf4j/impl/StaticMarkerBinder> (0x00000000ff557a80) 
thrown [s\src\hotspot\share\classfile\systemDictionary.cpp, line 245]
Event: 1.393 Thread 0x00000237259f2ec0 Exception <a 'java/lang/NoSuchMethodError'{0x00000000ff4370c8}: 'java.lang.Object java.lang.invoke.Invokers$Holder.invoker(java.lang.Object, java.lang.Object, java.lang.Object)'> (0x00000000ff4370c8) 
thrown [s\src\hotspot\share\interpreter\linkResolver.cpp, line 759]
Event: 1.394 Thread 0x00000237259f2ec0 Exception <a 'java/lang/NoSuchMethodError'{0x00000000ff440198}: 'java.lang.Object java.lang.invoke.DirectMethodHandle$Holder.invokeStatic(java.lang.Object, java.lang.Object, int)'> (0x00000000ff440198) 
thrown [s\src\hotspot\share\interpreter\linkResolver.cpp, line 759]
Event: 1.396 Thread 0x00000237259f2ec0 Exception <a 'java/lang/NoSuchMethodError'{0x00000000ff44be88}: 'void java.lang.invoke.DelegatingMethodHandle$Holder.delegate(java.lang.Object, java.lang.Object, int, java.lang.Object)'> (0x00000000ff44be88) 
thrown [s\src\hotspot\share\interpreter\linkResolver.cpp, line 759]
Event: 1.396 Thread 0x00000237259f2ec0 Exception <a 'java/lang/NoSuchMethodError'{0x00000000ff44fec0}: 'int java.lang.invoke.DirectMethodHandle$Holder.invokeSpecial(java.lang.Object, java.lang.Object, java.lang.Object)'> (0x00000000ff44fec0) 
thrown [s\src\hotspot\share\interpreter\linkResolver.cpp, line 759]
Event: 1.398 Thread 0x00000237259f2ec0 Exception <a 'java/lang/NoSuchMethodError'{0x00000000ff462fd0}: 'java.lang.Object java.lang.invoke.Invokers$Holder.invokeExact_MT(java.lang.Object, java.lang.Object, java.lang.Object, java.lang.Object)'> (0x00000000ff462fd0) 
thrown [s\src\hotspot\share\interpreter\linkResolver.cpp, line 759]
Event: 1.403 Thread 0x00000237259f2ec0 Exception <a 'java/lang/NoSuchMethodError'{0x00000000ff495520}: 'java.lang.Object java.lang.invoke.DirectMethodHandle$Holder.invokeVirtual(java.lang.Object, java.lang.Object, java.lang.Object)'> (0x00000000ff495520) 
thrown [s\src\hotspot\share\interpreter\linkResolver.cpp, line 759]
Event: 1.513 Thread 0x00000237259f2ec0 Exception <a 'java/lang/NoSuchMethodError'{0x00000000ff0dfc48}: 'java.lang.Object java.lang.invoke.DirectMethodHandle$Holder.newInvokeSpecial(java.lang.Object, java.lang.Object, java.lang.Object, java.lang.Object, java.lang.Object)'> (0x00000000ff0dfc48) 
thrown [s\src\hotspot\share\interpreter\linkResolver.cpp, line 759]
Event: 1.578 Thread 0x00000237259f2ec0 Exception <a 'java/lang/NoSuchMethodError'{0x00000000fedad698}: 'void java.lang.invoke.DirectMethodHandle$Holder.invokeSpecial(java.lang.Object, java.lang.Object, java.lang.Object)'> (0x00000000fedad698) 
thrown [s\src\hotspot\share\interpreter\linkResolver.cpp, line 759]
Event: 1.590 Thread 0x00000237259f2ec0 Implicit null exception at 0x000002373512e30f to 0x000002373512e850
Event: 1.590 Thread 0x00000237259f2ec0 Implicit null exception at 0x000002373510a38f to 0x000002373510a8dc
Event: 1.618 Thread 0x00000237259f2ec0 Exception <a 'java/lang/NoSuchMethodError'{0x00000000feb7bde8}: 'java.lang.Object java.lang.invoke.DirectMethodHandle$Holder.invokeStaticInit(java.lang.Object)'> (0x00000000feb7bde8) 
thrown [s\src\hotspot\share\interpreter\linkResolver.cpp, line 759]
Event: 1.652 Thread 0x00000237259f2ec0 Exception <a 'java/lang/NoSuchMethodError'{0x00000000fea16018}: 'int java.lang.invoke.DirectMethodHandle$Holder.invokeVirtual(java.lang.Object, java.lang.Object, java.lang.Object)'> (0x00000000fea16018) 
thrown [s\src\hotspot\share\interpreter\linkResolver.cpp, line 759]
Event: 1.714 Thread 0x00000237259f2ec0 Exception <a 'java/lang/NoSuchMethodError'{0x00000000fe568a68}: 'java.lang.Object java.lang.invoke.DirectMethodHandle$Holder.invokeSpecialIFC(java.lang.Object, java.lang.Object, java.lang.Object, java.lang.Object)'> (0x00000000fe568a68) 
thrown [s\src\hotspot\share\interpreter\linkResolver.cpp, line 759]
Event: 1.776 Thread 0x00000237259f2ec0 Exception <a 'java/lang/NoSuchMethodError'{0x00000000fe231e90}: 'java.lang.Object java.lang.invoke.DirectMethodHandle$Holder.invokeStaticInit(java.lang.Object, int, int, int, int)'> (0x00000000fe231e90) 
thrown [s\src\hotspot\share\interpreter\linkResolver.cpp, line 759]
Event: 1.966 Thread 0x00000237259f2ec0 Exception <a 'java/lang/NoSuchMethodError'{0x00000000fff0cfa0}: 'java.lang.Object java.lang.invoke.DirectMethodHandle$Holder.invokeStaticInit(java.lang.Object, java.lang.Object, int, int, int, int)'> (0x00000000fff0cfa0) 
thrown [s\src\hotspot\share\interpreter\linkResolver.cpp, line 759]
Event: 2.105 Thread 0x00000237259f2ec0 Exception <a 'java/lang/NoSuchMethodError'{0x00000000fff40708}: 'void java.lang.invoke.DirectMethodHandle$Holder.invokeStatic(java.lang.Object, java.lang.Object, java.lang.Object)'> (0x00000000fff40708) 
thrown [s\src\hotspot\share\interpreter\linkResolver.cpp, line 759]
Event: 2.133 Thread 0x00000237259f2ec0 Implicit null exception at 0x0000023735106872 to 0x0000023735106e40

VM Operations (20 events):
Event: 100.641 Executing VM operation: Cleanup
Event: 100.641 Executing VM operation: Cleanup done
Event: 103.650 Executing VM operation: Cleanup
Event: 103.650 Executing VM operation: Cleanup done
Event: 109.709 Executing VM operation: Cleanup
Event: 109.709 Executing VM operation: Cleanup done
Event: 115.757 Executing VM operation: Cleanup
Event: 115.757 Executing VM operation: Cleanup done
Event: 117.766 Executing VM operation: Cleanup
Event: 117.766 Executing VM operation: Cleanup done
Event: 119.795 Executing VM operation: Cleanup
Event: 119.795 Executing VM operation: Cleanup done
Event: 120.498 Executing VM operation: HandshakeAllThreads
Event: 120.498 Executing VM operation: HandshakeAllThreads done
Event: 127.563 Executing VM operation: Cleanup
Event: 127.563 Executing VM operation: Cleanup done
Event: 133.605 Executing VM operation: Cleanup
Event: 133.606 Executing VM operation: Cleanup done
Event: 146.724 Executing VM operation: Cleanup
Event: 146.724 Executing VM operation: Cleanup done

Memory protections (0 events):
No events

Nmethod flushes (0 events):
No events

Events (17 events):
Event: 0.083 Thread 0x00000237259f2ec0 Thread added: 0x00000237259f2ec0
Event: 0.090 Thread 0x00000237259f2ec0 Thread added: 0x000002378112ffe0
Event: 0.091 Thread 0x00000237259f2ec0 Thread added: 0x0000023781130ab0
Event: 0.103 Thread 0x00000237259f2ec0 Thread added: 0x00000237811463b0
Event: 0.104 Thread 0x00000237259f2ec0 Thread added: 0x0000023781148d90
Event: 0.104 Thread 0x00000237259f2ec0 Thread added: 0x0000023781149660
Event: 0.104 Thread 0x00000237259f2ec0 Thread added: 0x0000023781149f30
Event: 0.104 Thread 0x00000237259f2ec0 Thread added: 0x000002378114ca40
Event: 0.104 Thread 0x00000237259f2ec0 Thread added: 0x000002378114de20
Event: 0.104 Thread 0x00000237259f2ec0 Thread added: 0x0000023781156740
Event: 0.119 Thread 0x00000237259f2ec0 Thread added: 0x00000237813cc230
Event: 0.122 Thread 0x00000237259f2ec0 Thread added: 0x00000237813d0600
Event: 0.915 Thread 0x000002378114de20 Thread added: 0x00000237816d4da0
Event: 0.915 Thread 0x000002378114de20 Thread added: 0x00000237816d52c0
Event: 1.470 Thread 0x00000237259f2ec0 Thread added: 0x000002378173ccb0
Event: 2.095 Thread 0x00000237816d4da0 Thread exited: 0x00000237816d4da0
Event: 2.095 Thread 0x00000237816d52c0 Thread exited: 0x00000237816d52c0


Dynamic libraries:
0x00007ff644250000 - 0x00007ff64425e000 	C:\java\jdk17\bin\java.exe
0x00007ffc7afe0000 - 0x00007ffc7b243000 	C:\WINDOWS\SYSTEM32\ntdll.dll
0x00007ffc79600000 - 0x00007ffc796c7000 	C:\WINDOWS\System32\KERNEL32.DLL
0x00007ffc78960000 - 0x00007ffc78d29000 	C:\WINDOWS\System32\KERNELBASE.dll
0x00007ffc78270000 - 0x00007ffc783bc000 	C:\WINDOWS\System32\ucrtbase.dll
0x00007ffc52e40000 - 0x00007ffc52e5e000 	C:\java\jdk17\bin\VCRUNTIME140.dll
0x00007ffc52e60000 - 0x00007ffc52e77000 	C:\java\jdk17\bin\jli.dll
0x00007ffc78e00000 - 0x00007ffc78fca000 	C:\WINDOWS\System32\USER32.dll
0x00007ffc78d30000 - 0x00007ffc78d57000 	C:\WINDOWS\System32\win32u.dll
0x00007ffc79970000 - 0x00007ffc7999a000 	C:\WINDOWS\System32\GDI32.dll
0x00007ffc78470000 - 0x00007ffc785a1000 	C:\WINDOWS\System32\gdi32full.dll
0x00007ffc665c0000 - 0x00007ffc66850000 	C:\WINDOWS\WinSxS\amd64_microsoft.windows.common-controls_6595b64144ccf1df_6.0.26100.3323_none_3e088096e3344490\COMCTL32.dll
0x00007ffc783c0000 - 0x00007ffc78463000 	C:\WINDOWS\System32\msvcp_win.dll
0x00007ffc796e0000 - 0x00007ffc79789000 	C:\WINDOWS\System32\msvcrt.dll
0x00007ffc7a290000 - 0x00007ffc7a2bf000 	C:\WINDOWS\System32\IMM32.DLL
0x00007ffc74cf0000 - 0x00007ffc74cfc000 	C:\java\jdk17\bin\vcruntime140_1.dll
0x00007ffc52db0000 - 0x00007ffc52e3d000 	C:\java\jdk17\bin\msvcp140.dll
0x00007ffc075a0000 - 0x00007ffc0820b000 	C:\java\jdk17\bin\server\jvm.dll
0x00007ffc7acc0000 - 0x00007ffc7ad72000 	C:\WINDOWS\System32\ADVAPI32.dll
0x00007ffc78fd0000 - 0x00007ffc79076000 	C:\WINDOWS\System32\sechost.dll
0x00007ffc7a480000 - 0x00007ffc7a596000 	C:\WINDOWS\System32\RPCRT4.dll
0x00007ffc7af10000 - 0x00007ffc7af84000 	C:\WINDOWS\System32\WS2_32.dll
0x00007ffc76e70000 - 0x00007ffc76ebe000 	C:\WINDOWS\SYSTEM32\POWRPROF.dll
0x00007ffc71050000 - 0x00007ffc71086000 	C:\WINDOWS\SYSTEM32\WINMM.dll
0x00007ffc71090000 - 0x00007ffc7109b000 	C:\WINDOWS\SYSTEM32\VERSION.dll
0x00007ffc76e50000 - 0x00007ffc76e64000 	C:\WINDOWS\SYSTEM32\UMPDC.dll
0x00007ffc770b0000 - 0x00007ffc770ca000 	C:\WINDOWS\SYSTEM32\kernel.appcore.dll
0x00007ffc72ca0000 - 0x00007ffc72caa000 	C:\java\jdk17\bin\jimage.dll
0x00007ffc758a0000 - 0x00007ffc75ae1000 	C:\WINDOWS\SYSTEM32\DBGHELP.DLL
0x00007ffc79080000 - 0x00007ffc79402000 	C:\WINDOWS\System32\combase.dll
0x00007ffc7ad80000 - 0x00007ffc7ae56000 	C:\WINDOWS\System32\OLEAUT32.dll
0x00007ffc5e6d0000 - 0x00007ffc5e709000 	C:\WINDOWS\SYSTEM32\dbgcore.DLL
0x00007ffc78d60000 - 0x00007ffc78df9000 	C:\WINDOWS\System32\bcryptPrimitives.dll
0x00007ffc502c0000 - 0x00007ffc502e5000 	C:\java\jdk17\bin\java.dll
0x00007ffc4b7b0000 - 0x00007ffc4b887000 	C:\java\jdk17\bin\jsvml.dll
0x00007ffc79a00000 - 0x00007ffc7a115000 	C:\WINDOWS\System32\SHELL32.dll
0x00007ffc787f0000 - 0x00007ffc78958000 	C:\WINDOWS\System32\wintypes.dll
0x00007ffc75ec0000 - 0x00007ffc76705000 	C:\WINDOWS\SYSTEM32\windows.storage.dll
0x00007ffc7a1a0000 - 0x00007ffc7a28b000 	C:\WINDOWS\System32\SHCORE.dll
0x00007ffc799a0000 - 0x00007ffc799fd000 	C:\WINDOWS\System32\shlwapi.dll
0x00007ffc780f0000 - 0x00007ffc7811f000 	C:\WINDOWS\SYSTEM32\profapi.dll
0x00007ffc502a0000 - 0x00007ffc502b9000 	C:\java\jdk17\bin\net.dll
0x00007ffc70f00000 - 0x00007ffc7101e000 	C:\WINDOWS\SYSTEM32\WINHTTP.dll
0x00007ffc77630000 - 0x00007ffc7769a000 	C:\WINDOWS\system32\mswsock.dll
0x00007ffc4f660000 - 0x00007ffc4f676000 	C:\java\jdk17\bin\nio.dll
0x00007ffc4f640000 - 0x00007ffc4f658000 	C:\java\jdk17\bin\zip.dll
0x00007ffc712c0000 - 0x00007ffc712d0000 	C:\java\jdk17\bin\verify.dll
0x00007ffc4ba70000 - 0x00007ffc4ba97000 	C:\Users\marco\.gradle\native\c067742578af261105cb4f569cf0c3c89f3d7b1fecec35dd04571415982c5e48\windows-amd64\native-platform.dll
0x00007ffc66050000 - 0x00007ffc6605a000 	C:\Users\marco\.gradle\native\jansi\1.18\windows64\jansi.dll
0x00007ffc6bab0000 - 0x00007ffc6baba000 	C:\java\jdk17\bin\management.dll
0x00007ffc6b010000 - 0x00007ffc6b01b000 	C:\java\jdk17\bin\management_ext.dll
0x00007ffc7af90000 - 0x00007ffc7af98000 	C:\WINDOWS\System32\PSAPI.DLL
0x00007ffc778d0000 - 0x00007ffc778ec000 	C:\WINDOWS\SYSTEM32\CRYPTSP.dll
0x00007ffc77070000 - 0x00007ffc770aa000 	C:\WINDOWS\system32\rsaenh.dll
0x00007ffc776d0000 - 0x00007ffc776fb000 	C:\WINDOWS\SYSTEM32\USERENV.dll
0x00007ffc77b10000 - 0x00007ffc77b36000 	C:\WINDOWS\SYSTEM32\bcrypt.dll
0x00007ffc778f0000 - 0x00007ffc778fc000 	C:\WINDOWS\SYSTEM32\CRYPTBASE.dll
0x00007ffc76ae0000 - 0x00007ffc76b13000 	C:\WINDOWS\SYSTEM32\IPHLPAPI.DLL
0x00007ffc7a470000 - 0x00007ffc7a47a000 	C:\WINDOWS\System32\NSI.dll
0x00007ffc71290000 - 0x00007ffc712af000 	C:\WINDOWS\SYSTEM32\dhcpcsvc6.DLL
0x00007ffc71260000 - 0x00007ffc71285000 	C:\WINDOWS\SYSTEM32\dhcpcsvc.DLL
0x00007ffc76ba0000 - 0x00007ffc76cc5000 	C:\WINDOWS\SYSTEM32\DNSAPI.dll
0x00007ffc65320000 - 0x00007ffc65329000 	C:\java\jdk17\bin\extnet.dll
0x00007ffc4f5f0000 - 0x00007ffc4f5fe000 	C:\java\jdk17\bin\sunmscapi.dll
0x00007ffc785b0000 - 0x00007ffc78727000 	C:\WINDOWS\System32\CRYPT32.dll
0x00007ffc77ad0000 - 0x00007ffc77b00000 	C:\WINDOWS\SYSTEM32\ncrypt.dll
0x00007ffc77a80000 - 0x00007ffc77abf000 	C:\WINDOWS\SYSTEM32\NTASN1.dll
0x00007ffc6a7b0000 - 0x00007ffc6a7b8000 	C:\WINDOWS\system32\wshunix.dll

dbghelp: loaded successfully - version: 4.0.5 - missing functions: none
symbol engine: initialized successfully - sym options: 0x614 - pdb path: .;C:\java\jdk17\bin;C:\WINDOWS\SYSTEM32;C:\WINDOWS\WinSxS\amd64_microsoft.windows.common-controls_6595b64144ccf1df_6.0.26100.3323_none_3e088096e3344490;C:\java\jdk17\bin\server;C:\Users\marco\.gradle\native\c067742578af261105cb4f569cf0c3c89f3d7b1fecec35dd04571415982c5e48\windows-amd64;C:\Users\marco\.gradle\native\jansi\1.18\windows64

VM Arguments:
jvm_args: -Xmx64m -Xms64m -Dorg.gradle.appname=gradlew 
java_command: org.gradle.wrapper.GradleWrapperMain app:assembleDebug -x lint -x test --configure-on-demand --build-cache -PreactNativeDevServerPort=8081 -PreactNativeArchitectures=x86_64,arm64-v8a
java_class_path (initial): C:\programacion\meparqueo\meparqueoapp\android\\gradle\wrapper\gradle-wrapper.jar
Launcher Type: SUN_STANDARD

[Global flags]
     intx CICompilerCount                          = 4                                         {product} {ergonomic}
     uint ConcGCThreads                            = 3                                         {product} {ergonomic}
     uint G1ConcRefinementThreads                  = 10                                        {product} {ergonomic}
   size_t G1HeapRegionSize                         = 1048576                                   {product} {ergonomic}
    uintx GCDrainStackTargetSize                   = 64                                        {product} {ergonomic}
   size_t InitialHeapSize                          = 67108864                                  {product} {command line}
   size_t MarkStackSize                            = 4194304                                   {product} {ergonomic}
   size_t MaxHeapSize                              = 67108864                                  {product} {command line}
   size_t MaxNewSize                               = 39845888                                  {product} {ergonomic}
   size_t MinHeapDeltaBytes                        = 1048576                                   {product} {ergonomic}
   size_t MinHeapSize                              = 67108864                                  {product} {command line}
    uintx NonNMethodCodeHeapSize                   = 5839372                                {pd product} {ergonomic}
    uintx NonProfiledCodeHeapSize                  = 122909434                              {pd product} {ergonomic}
    uintx ProfiledCodeHeapSize                     = 122909434                              {pd product} {ergonomic}
    uintx ReservedCodeCacheSize                    = 251658240                              {pd product} {ergonomic}
     bool SegmentedCodeCache                       = true                                      {product} {ergonomic}
   size_t SoftMaxHeapSize                          = 67108864                               {manageable} {ergonomic}
     bool UseCompressedClassPointers               = true                           {product lp64_product} {ergonomic}
     bool UseCompressedOops                        = true                           {product lp64_product} {ergonomic}
     bool UseG1GC                                  = true                                      {product} {ergonomic}
     bool UseLargePagesIndividualAllocation        = false                                  {pd product} {ergonomic}

Logging:
Log output configuration:
 #0: stdout all=warning uptime,level,tags
 #1: stderr all=off uptime,level,tags

Environment Variables:
JAVA_HOME=C:\java\jdk17\
CLASSPATH=C:\programacion\meparqueo\meparqueoapp\android\\gradle\wrapper\gradle-wrapper.jar
PATH=C:\Users\marco\AppData\Local\Temp\yarn--1742706180642-0.8308153459948817;C:\programacion\meparqueo\meparqueoapp\node_modules\.bin;C:\Users\marco\AppData\Local\Yarn\Data\link\node_modules\.bin;C:\Users\marco\AppData\Local\Yarn\bin;C:\Program Files\libexec\lib\node_modules\npm\bin\node-gyp-bin;C:\Program Files\lib\node_modules\npm\bin\node-gyp-bin;C:\Program Files\nodejs\node_modules\npm\bin\node-gyp-bin;C:\Program Files\PowerShell\7;C:\java\jdk17\bin;C:\WINDOWS\system32;C:\WINDOWS;C:\WINDOWS\System32\Wbem;C:\WINDOWS\System32\WindowsPowerShell\v1.0\;C:\WINDOWS\System32\OpenSSH\;C:\Program Files\nodejs\;C:\Program Files\Git\cmd;C:\Program Files\Go\bin;C:\Program Files\dotnet\;C:\Program Files\Docker\Docker\resources\bin;C:\Program Files\PowerShell\7\;C:\Users\marco\AppData\Local\Programs\Python\Launcher\;C:\Users\marco\.console-ninja\.bin;C:\Users\marco\AppData\Local\Microsoft\WindowsApps;C:\Users\marco\AppData\Roaming\npm;C:\Users\marco\AppData\Local\Programs\Microsoft VS Code\bin;C:\Users\marco\go\bin;C:\Users\marco\.fly\bin
USERNAME=marco
OS=Windows_NT
PROCESSOR_IDENTIFIER=AMD64 Family 23 Model 104 Stepping 1, AuthenticAMD
TMP=C:\Users\marco\AppData\Local\Temp
TEMP=C:\Users\marco\AppData\Local\Temp



Periodic native trim disabled


---------------  S Y S T E M  ---------------

OS:
 Windows 11 , 64 bit Build 26100 (10.0.26100.3323)
OS uptime: 0 days 3:45 hours
Hyper-V role detected

CPU: total 12 (initial active 12) (12 cores per cpu, 2 threads per core) family 23 model 104 stepping 1 microcode 0x8608103, cx8, cmov, fxsr, ht, mmx, 3dnowpref, sse, sse2, sse3, ssse3, sse4a, sse4.1, sse4.2, popcnt, lzcnt, tsc, tscinvbit, avx, avx2, aes, clmul, bmi1, bmi2, adx, sha, fma, vzeroupper, clflush, clflushopt, hv
Processor Information for processor 0
  Max Mhz: 2100, Current Mhz: 2100, Mhz Limit: 2100
Processor Information for processor 1
  Max Mhz: 2100, Current Mhz: 1988, Mhz Limit: 2100
Processor Information for processor 2
  Max Mhz: 2100, Current Mhz: 2100, Mhz Limit: 2100
Processor Information for processor 3
  Max Mhz: 2100, Current Mhz: 1988, Mhz Limit: 2100
Processor Information for processor 4
  Max Mhz: 2100, Current Mhz: 2100, Mhz Limit: 2100
Processor Information for processor 5
  Max Mhz: 2100, Current Mhz: 1988, Mhz Limit: 2100
Processor Information for processor 6
  Max Mhz: 2100, Current Mhz: 2100, Mhz Limit: 2100
Processor Information for processor 7
  Max Mhz: 2100, Current Mhz: 1988, Mhz Limit: 2100
Processor Information for processor 8
  Max Mhz: 2100, Current Mhz: 2100, Mhz Limit: 2100
Processor Information for processor 9
  Max Mhz: 2100, Current Mhz: 1988, Mhz Limit: 2100
Processor Information for processor 10
  Max Mhz: 2100, Current Mhz: 2100, Mhz Limit: 2100
Processor Information for processor 11
  Max Mhz: 2100, Current Mhz: 2100, Mhz Limit: 2100

Memory: 4k page, system-wide physical 7563M (426M free)
TotalPageFile size 23947M (AvailPageFile size 0M)
current process WorkingSet (physical memory assigned to process): 16M, peak: 113M
current process commit charge ("private bytes"): 173M, peak: 191M

vm_info: OpenJDK 64-Bit Server VM (17.0.13+11) for windows-amd64 JRE (17.0.13+11), built on Oct 16 2024 00:10:08 by "admin" with MS VC++ 17.7 (VS2022)

END.
